# JRE version: Java(TM) SE Runtime Environment (9.0+181) (build 9+181)
# Java VM: Java HotSpot(TM) 64-Bit Server VM (9+181, mixed mode, tiered, compressed oops, g1 gc, windows-amd64)
Heap:
 garbage-first heap   total 196608K, used 17591K [0x0000000701a00000, 0x0000000701b00600, 0x00000007c0000000)
  region size 1024K, 15 young (15360K), 9 survivors (9216K)
 Metaspace       used 27494K, capacity 29200K, committed 29312K, reserved 1075200K
  class space    used 3118K, capacity 3431K, committed 3456K, reserved 1048576K
GC Heap History (10 events):
Event: 2.132 GC heap before
{Heap before GC invocations=1 (full 0):
 garbage-first heap   total 196608K, used 118413K [0x0000000701a00000, 0x0000000701b00600, 0x00000007c0000000)
  region size 1024K, 115 young (117760K), 3 survivors (3072K)
 Metaspace       used 14360K, capacity 15020K, committed 15104K, reserved 1062912K
  class space    used 1372K, capacity 1507K, committed 1536K, reserved 1048576K
}
Event: 2.138 GC heap after
{Heap after GC invocations=2 (full 0):
 garbage-first heap   total 196608K, used 6029K [0x0000000701a00000, 0x0000000701b00600, 0x00000007c0000000)
  region size 1024K, 6 young (6144K), 6 survivors (6144K)
 Metaspace       used 14360K, capacity 15020K, committed 15104K, reserved 1062912K
  class space    used 1372K, capacity 1507K, committed 1536K, reserved 1048576K
}
Event: 4.440 GC heap before
{Heap before GC invocations=2 (full 0):
 garbage-first heap   total 196608K, used 117645K [0x0000000701a00000, 0x0000000701b00600, 0x00000007c0000000)
  region size 1024K, 115 young (117760K), 6 survivors (6144K)
 Metaspace       used 18599K, capacity 19714K, committed 19968K, reserved 1067008K
  class space    used 1985K, capacity 2181K, committed 2304K, reserved 1048576K
}
Event: 4.450 GC heap after
{Heap after GC invocations=3 (full 0):
 garbage-first heap   total 196608K, used 9468K [0x0000000701a00000, 0x0000000701b00600, 0x00000007c0000000)
  region size 1024K, 9 young (9216K), 9 survivors (9216K)
 Metaspace       used 18599K, capacity 19714K, committed 19968K, reserved 1067008K
  class space    used 1985K, capacity 2181K, committed 2304K, reserved 1048576K
}
Event: 4.851 GC heap before
{Heap before GC invocations=3 (full 0):
 garbage-first heap   total 196608K, used 41212K [0x0000000701a00000, 0x0000000701b00600, 0x00000007c0000000)
  region size 1024K, 41 young (41984K), 9 survivors (9216K)
 Metaspace       used 20092K, capacity 21182K, committed 21296K, reserved 1069056K
  class space    used 2212K, capacity 2411K, committed 2432K, reserved 1048576K
}
Event: 4.861 GC heap after
{Heap after GC invocations=4 (full 0):
 garbage-first heap   total 196608K, used 8790K [0x0000000701a00000, 0x0000000701b00600, 0x00000007c0000000)
  region size 1024K, 6 young (6144K), 6 survivors (6144K)
 Metaspace       used 20092K, capacity 21182K, committed 21296K, reserved 1069056K
  class space    used 2212K, capacity 2411K, committed 2432K, reserved 1048576K
}
Event: 7.549 GC heap before
{Heap before GC invocations=5 (full 0):
 garbage-first heap   total 196608K, used 120406K [0x0000000701a00000, 0x0000000701b00600, 0x00000007c0000000)
  region size 1024K, 115 young (117760K), 6 survivors (6144K)
 Metaspace       used 23829K, capacity 25100K, committed 25216K, reserved 1071104K
  class space    used 2684K, capacity 2904K, committed 2944K, reserved 1048576K
}
Event: 7.559 GC heap after
{Heap after GC invocations=6 (full 0):
 garbage-first heap   total 196608K, used 10688K [0x0000000701a00000, 0x0000000701b00600, 0x00000007c0000000)
  region size 1024K, 7 young (7168K), 7 survivors (7168K)
 Metaspace       used 23829K, capacity 25100K, committed 25216K, reserved 1071104K
  class space    used 2684K, capacity 2904K, committed 2944K, reserved 1048576K
}
Event: 13.561 GC heap before
{Heap before GC invocations=6 (full 0):
 garbage-first heap   total 196608K, used 127424K [0x0000000701a00000, 0x0000000701b00600, 0x00000007c0000000)
  region size 1024K, 115 young (117760K), 7 survivors (7168K)
 Metaspace       used 27380K, capacity 29124K, committed 29312K, reserved 1075200K
  class space    used 3113K, capacity 3429K, committed 3456K, reserved 1048576K
}
Event: 13.576 GC heap after
{Heap after GC invocations=7 (full 0):
 garbage-first heap   total 196608K, used 12471K [0x0000000701a00000, 0x0000000701b00600, 0x00000007c0000000)
  region size 1024K, 9 young (9216K), 9 survivors (9216K)
 Metaspace       used 27380K, capacity 29124K, committed 29312K, reserved 1075200K
  class space    used 3113K, capacity 3429K, committed 3456K, reserved 1048576K
}

