# JRE version: Java(TM) SE Runtime Environment (9.0+181) (build 9+181)
# Java VM: Java HotSpot(TM) 64-Bit Server VM (9+181, mixed mode, tiered, compressed oops, g1 gc, windows-amd64)
Heap:
 garbage-first heap   total 236544K, used 136531K [0x0000000701a00000, 0x0000000701b00738, 0x00000007c0000000)
  region size 1024K, 125 young (128000K), 7 survivors (7168K)
 Metaspace       used 27596K, capacity 29324K, committed 29568K, reserved 1075200K
  class space    used 3133K, capacity 3431K, committed 3456K, reserved 1048576K
GC Heap History (10 events):
Event: 0.440 GC heap before
{Heap before GC invocations=0 (full 0):
 garbage-first heap   total 196608K, used 24576K [0x0000000701a00000, 0x0000000701b00600, 0x00000007c0000000)
  region size 1024K, 24 young (24576K), 0 survivors (0K)
 Metaspace       used 9055K, capacity 9214K, committed 9344K, reserved 1058816K
  class space    used 825K, capacity 867K, committed 896K, reserved 1048576K
}
Event: 0.444 GC heap after
{Heap after GC invocations=1 (full 0):
 garbage-first heap   total 196608K, used 4217K [0x0000000701a00000, 0x0000000701b00600, 0x00000007c0000000)
  region size 1024K, 3 young (3072K), 3 survivors (3072K)
 Metaspace       used 9055K, capacity 9214K, committed 9344K, reserved 1058816K
  class space    used 825K, capacity 867K, committed 896K, reserved 1048576K
}
Event: 1.598 GC heap before
{Heap before GC invocations=1 (full 0):
 garbage-first heap   total 196608K, used 118905K [0x0000000701a00000, 0x0000000701b00600, 0x00000007c0000000)
  region size 1024K, 115 young (117760K), 3 survivors (3072K)
 Metaspace       used 14343K, capacity 14988K, committed 15104K, reserved 1062912K
  class space    used 1373K, capacity 1475K, committed 1536K, reserved 1048576K
}
Event: 1.605 GC heap after
{Heap after GC invocations=2 (full 0):
 garbage-first heap   total 196608K, used 6209K [0x0000000701a00000, 0x0000000701b00600, 0x00000007c0000000)
  region size 1024K, 5 young (5120K), 5 survivors (5120K)
 Metaspace       used 14343K, capacity 14988K, committed 15104K, reserved 1062912K
  class space    used 1373K, capacity 1475K, committed 1536K, reserved 1048576K
}
Event: 3.427 GC heap before
{Heap before GC invocations=2 (full 0):
 garbage-first heap   total 196608K, used 118849K [0x0000000701a00000, 0x0000000701b00600, 0x00000007c0000000)
  region size 1024K, 115 young (117760K), 5 survivors (5120K)
 Metaspace       used 18591K, capacity 19710K, committed 19968K, reserved 1067008K
  class space    used 1987K, capacity 2181K, committed 2304K, reserved 1048576K
}
Event: 3.439 GC heap after
{Heap after GC invocations=3 (full 0):
 garbage-first heap   total 196608K, used 9259K [0x0000000701a00000, 0x0000000701b00600, 0x00000007c0000000)
  region size 1024K, 8 young (8192K), 8 survivors (8192K)
 Metaspace       used 18591K, capacity 19710K, committed 19968K, reserved 1067008K
  class space    used 1987K, capacity 2181K, committed 2304K, reserved 1048576K
}
Event: 3.711 GC heap before
{Heap before GC invocations=3 (full 0):
 garbage-first heap   total 196608K, used 42027K [0x0000000701a00000, 0x0000000701b00600, 0x00000007c0000000)
  region size 1024K, 41 young (41984K), 8 survivors (8192K)
 Metaspace       used 20077K, capacity 21178K, committed 21296K, reserved 1069056K
  class space    used 2209K, capacity 2411K, committed 2432K, reserved 1048576K
}
Event: 3.722 GC heap after
{Heap after GC invocations=4 (full 0):
 garbage-first heap   total 196608K, used 8864K [0x0000000701a00000, 0x0000000701b00600, 0x00000007c0000000)
  region size 1024K, 6 young (6144K), 6 survivors (6144K)
 Metaspace       used 20077K, capacity 21178K, committed 21296K, reserved 1069056K
  class space    used 2209K, capacity 2411K, committed 2432K, reserved 1048576K
}
Event: 5.657 GC heap before
{Heap before GC invocations=5 (full 0):
 garbage-first heap   total 196608K, used 120480K [0x0000000701a00000, 0x0000000701b00600, 0x00000007c0000000)
  region size 1024K, 115 young (117760K), 6 survivors (6144K)
 Metaspace       used 23885K, capacity 25096K, committed 25216K, reserved 1071104K
  class space    used 2681K, capacity 2904K, committed 2944K, reserved 1048576K
}
Event: 5.665 GC heap after
{Heap after GC invocations=6 (full 0):
 garbage-first heap   total 236544K, used 10579K [0x0000000701a00000, 0x0000000701b00738, 0x00000007c0000000)
  region size 1024K, 7 young (7168K), 7 survivors (7168K)
 Metaspace       used 23885K, capacity 25096K, committed 25216K, reserved 1071104K
  class space    used 2681K, capacity 2904K, committed 2944K, reserved 1048576K
}

