# JRE version: Java(TM) SE Runtime Environment (9.0+181) (build 9+181)
# Java VM: Java HotSpot(TM) 64-Bit Server VM (9+181, mixed mode, tiered, compressed oops, g1 gc, windows-amd64)
Heap:
 garbage-first heap   total 196608K, used 19957K [0x0000000701a00000, 0x0000000701b00600, 0x00000007c0000000)
  region size 1024K, 17 young (17408K), 9 survivors (9216K)
 Metaspace       used 27589K, capacity 29260K, committed 29312K, reserved 1075200K
  class space    used 3133K, capacity 3431K, committed 3456K, reserved 1048576K
GC Heap History (10 events):
Event: 1.627 GC heap before
{Heap before GC invocations=1 (full 0):
 garbage-first heap   total 196608K, used 118853K [0x0000000701a00000, 0x0000000701b00600, 0x00000007c0000000)
  region size 1024K, 115 young (117760K), 3 survivors (3072K)
 Metaspace       used 14371K, capacity 15020K, committed 15104K, reserved 1062912K
  class space    used 1375K, capacity 1507K, committed 1536K, reserved 1048576K
}
Event: 1.632 GC heap after
{Heap after GC invocations=2 (full 0):
 garbage-first heap   total 196608K, used 6618K [0x0000000701a00000, 0x0000000701b00600, 0x00000007c0000000)
  region size 1024K, 6 young (6144K), 6 survivors (6144K)
 Metaspace       used 14371K, capacity 15020K, committed 15104K, reserved 1062912K
  class space    used 1375K, capacity 1507K, committed 1536K, reserved 1048576K
}
Event: 3.461 GC heap before
{Heap before GC invocations=2 (full 0):
 garbage-first heap   total 196608K, used 118234K [0x0000000701a00000, 0x0000000701b00600, 0x00000007c0000000)
  region size 1024K, 115 young (117760K), 6 survivors (6144K)
 Metaspace       used 18595K, capacity 19710K, committed 19968K, reserved 1067008K
  class space    used 1986K, capacity 2181K, committed 2304K, reserved 1048576K
}
Event: 3.469 GC heap after
{Heap after GC invocations=3 (full 0):
 garbage-first heap   total 196608K, used 9740K [0x0000000701a00000, 0x0000000701b00600, 0x00000007c0000000)
  region size 1024K, 9 young (9216K), 9 survivors (9216K)
 Metaspace       used 18595K, capacity 19710K, committed 19968K, reserved 1067008K
  class space    used 1986K, capacity 2181K, committed 2304K, reserved 1048576K
}
Event: 3.712 GC heap before
{Heap before GC invocations=3 (full 0):
 garbage-first heap   total 196608K, used 42508K [0x0000000701a00000, 0x0000000701b00600, 0x00000007c0000000)
  region size 1024K, 42 young (43008K), 9 survivors (9216K)
 Metaspace       used 20087K, capacity 21178K, committed 21296K, reserved 1069056K
  class space    used 2210K, capacity 2411K, committed 2432K, reserved 1048576K
}
Event: 3.718 GC heap after
{Heap after GC invocations=4 (full 0):
 garbage-first heap   total 196608K, used 8945K [0x0000000701a00000, 0x0000000701b00600, 0x00000007c0000000)
  region size 1024K, 5 young (5120K), 5 survivors (5120K)
 Metaspace       used 20087K, capacity 21178K, committed 21296K, reserved 1069056K
  class space    used 2210K, capacity 2411K, committed 2432K, reserved 1048576K
}
Event: 5.428 GC heap before
{Heap before GC invocations=5 (full 0):
 garbage-first heap   total 196608K, used 121585K [0x0000000701a00000, 0x0000000701b00600, 0x00000007c0000000)
  region size 1024K, 115 young (117760K), 5 survivors (5120K)
 Metaspace       used 23936K, capacity 25160K, committed 25216K, reserved 1071104K
  class space    used 2687K, capacity 2904K, committed 2944K, reserved 1048576K
}
Event: 5.436 GC heap after
{Heap after GC invocations=6 (full 0):
 garbage-first heap   total 196608K, used 10993K [0x0000000701a00000, 0x0000000701b00600, 0x00000007c0000000)
  region size 1024K, 7 young (7168K), 7 survivors (7168K)
 Metaspace       used 23936K, capacity 25160K, committed 25216K, reserved 1071104K
  class space    used 2687K, capacity 2904K, committed 2944K, reserved 1048576K
}
Event: 8.648 GC heap before
{Heap before GC invocations=6 (full 0):
 garbage-first heap   total 196608K, used 127729K [0x0000000701a00000, 0x0000000701b00600, 0x00000007c0000000)
  region size 1024K, 115 young (117760K), 7 survivors (7168K)
 Metaspace       used 27420K, capacity 29120K, committed 29312K, reserved 1075200K
  class space    used 3127K, capacity 3429K, committed 3456K, reserved 1048576K
}
Event: 8.657 GC heap after
{Heap after GC invocations=7 (full 0):
 garbage-first heap   total 196608K, used 12789K [0x0000000701a00000, 0x0000000701b00600, 0x00000007c0000000)
  region size 1024K, 9 young (9216K), 9 survivors (9216K)
 Metaspace       used 27420K, capacity 29120K, committed 29312K, reserved 1075200K
  class space    used 3127K, capacity 3429K, committed 3456K, reserved 1048576K
}

