# JRE version: Java(TM) SE Runtime Environment (9.0+181) (build 9+181)
# Java VM: Java HotSpot(TM) 64-Bit Server VM (9+181, mixed mode, tiered, compressed oops, g1 gc, windows-amd64)
Heap:
 garbage-first heap   total 196608K, used 16133K [0x0000000701a00000, 0x0000000701b00600, 0x00000007c0000000)
  region size 1024K, 14 young (14336K), 9 survivors (9216K)
 Metaspace       used 27410K, capacity 29064K, committed 29312K, reserved 1075200K
  class space    used 3117K, capacity 3431K, committed 3456K, reserved 1048576K
GC Heap History (10 events):
Event: 1.704 GC heap before
{Heap before GC invocations=1 (full 0):
 garbage-first heap   total 196608K, used 118272K [0x0000000701a00000, 0x0000000701b00600, 0x00000007c0000000)
  region size 1024K, 115 young (117760K), 3 survivors (3072K)
 Metaspace       used 14341K, capacity 14956K, committed 15104K, reserved 1062912K
  class space    used 1373K, capacity 1507K, committed 1536K, reserved 1048576K
}
Event: 1.712 GC heap after
{Heap after GC invocations=2 (full 0):
 garbage-first heap   total 196608K, used 5962K [0x0000000701a00000, 0x0000000701b00600, 0x00000007c0000000)
  region size 1024K, 6 young (6144K), 6 survivors (6144K)
 Metaspace       used 14341K, capacity 14956K, committed 15104K, reserved 1062912K
  class space    used 1373K, capacity 1507K, committed 1536K, reserved 1048576K
}
Event: 3.560 GC heap before
{Heap before GC invocations=2 (full 0):
 garbage-first heap   total 196608K, used 117578K [0x0000000701a00000, 0x0000000701b00600, 0x00000007c0000000)
  region size 1024K, 115 young (117760K), 6 survivors (6144K)
 Metaspace       used 18577K, capacity 19646K, committed 19968K, reserved 1067008K
  class space    used 1984K, capacity 2181K, committed 2304K, reserved 1048576K
}
Event: 3.568 GC heap after
{Heap after GC invocations=3 (full 0):
 garbage-first heap   total 196608K, used 8872K [0x0000000701a00000, 0x0000000701b00600, 0x00000007c0000000)
  region size 1024K, 9 young (9216K), 9 survivors (9216K)
 Metaspace       used 18577K, capacity 19646K, committed 19968K, reserved 1067008K
  class space    used 1984K, capacity 2181K, committed 2304K, reserved 1048576K
}
Event: 3.870 GC heap before
{Heap before GC invocations=3 (full 0):
 garbage-first heap   total 196608K, used 41640K [0x0000000701a00000, 0x0000000701b00600, 0x00000007c0000000)
  region size 1024K, 42 young (43008K), 9 survivors (9216K)
 Metaspace       used 20086K, capacity 21178K, committed 21296K, reserved 1069056K
  class space    used 2213K, capacity 2411K, committed 2432K, reserved 1048576K
}
Event: 3.877 GC heap after
{Heap after GC invocations=4 (full 0):
 garbage-first heap   total 196608K, used 8345K [0x0000000701a00000, 0x0000000701b00600, 0x00000007c0000000)
  region size 1024K, 5 young (5120K), 5 survivors (5120K)
 Metaspace       used 20086K, capacity 21178K, committed 21296K, reserved 1069056K
  class space    used 2213K, capacity 2411K, committed 2432K, reserved 1048576K
}
Event: 5.592 GC heap before
{Heap before GC invocations=5 (full 0):
 garbage-first heap   total 196608K, used 120985K [0x0000000701a00000, 0x0000000701b00600, 0x00000007c0000000)
  region size 1024K, 115 young (117760K), 5 survivors (5120K)
 Metaspace       used 23929K, capacity 25160K, committed 25216K, reserved 1071104K
  class space    used 2698K, capacity 2904K, committed 2944K, reserved 1048576K
}
Event: 5.600 GC heap after
{Heap after GC invocations=6 (full 0):
 garbage-first heap   total 196608K, used 10530K [0x0000000701a00000, 0x0000000701b00600, 0x00000007c0000000)
  region size 1024K, 8 young (8192K), 8 survivors (8192K)
 Metaspace       used 23929K, capacity 25160K, committed 25216K, reserved 1071104K
  class space    used 2698K, capacity 2904K, committed 2944K, reserved 1048576K
}
Event: 8.736 GC heap before
{Heap before GC invocations=6 (full 0):
 garbage-first heap   total 196608K, used 126242K [0x0000000701a00000, 0x0000000701b00600, 0x00000007c0000000)
  region size 1024K, 115 young (117760K), 8 survivors (8192K)
 Metaspace       used 27299K, capacity 28988K, committed 29056K, reserved 1075200K
  class space    used 3112K, capacity 3429K, committed 3456K, reserved 1048576K
}
Event: 8.745 GC heap after
{Heap after GC invocations=7 (full 0):
 garbage-first heap   total 196608K, used 12037K [0x0000000701a00000, 0x0000000701b00600, 0x00000007c0000000)
  region size 1024K, 9 young (9216K), 9 survivors (9216K)
 Metaspace       used 27299K, capacity 28988K, committed 29056K, reserved 1075200K
  class space    used 3112K, capacity 3429K, committed 3456K, reserved 1048576K
}

