# JRE version: Java(TM) SE Runtime Environment (9.0+181) (build 9+181)
# Java VM: Java HotSpot(TM) 64-Bit Server VM (9+181, mixed mode, tiered, compressed oops, g1 gc, windows-amd64)
Heap:
 garbage-first heap   total 196608K, used 15441K [0x0000000701a00000, 0x0000000701b00600, 0x00000007c0000000)
  region size 1024K, 13 young (13312K), 9 survivors (9216K)
 Metaspace       used 27394K, capacity 29068K, committed 29312K, reserved 1075200K
  class space    used 3113K, capacity 3431K, committed 3456K, reserved 1048576K
GC Heap History (10 events):
Event: 2.414 GC heap before
{Heap before GC invocations=1 (full 0):
 garbage-first heap   total 196608K, used 118855K [0x0000000701a00000, 0x0000000701b00600, 0x00000007c0000000)
  region size 1024K, 115 young (117760K), 3 survivors (3072K)
 Metaspace       used 14364K, capacity 15024K, committed 15104K, reserved 1062912K
  class space    used 1372K, capacity 1507K, committed 1536K, reserved 1048576K
}
Event: 2.423 GC heap after
{Heap after GC invocations=2 (full 0):
 garbage-first heap   total 196608K, used 6270K [0x0000000701a00000, 0x0000000701b00600, 0x00000007c0000000)
  region size 1024K, 6 young (6144K), 6 survivors (6144K)
 Metaspace       used 14364K, capacity 15024K, committed 15104K, reserved 1062912K
  class space    used 1372K, capacity 1507K, committed 1536K, reserved 1048576K
}
Event: 4.673 GC heap before
{Heap before GC invocations=2 (full 0):
 garbage-first heap   total 196608K, used 117886K [0x0000000701a00000, 0x0000000701b00600, 0x00000007c0000000)
  region size 1024K, 115 young (117760K), 6 survivors (6144K)
 Metaspace       used 18584K, capacity 19714K, committed 19968K, reserved 1067008K
  class space    used 1985K, capacity 2181K, committed 2304K, reserved 1048576K
}
Event: 4.685 GC heap after
{Heap after GC invocations=3 (full 0):
 garbage-first heap   total 196608K, used 9287K [0x0000000701a00000, 0x0000000701b00600, 0x00000007c0000000)
  region size 1024K, 8 young (8192K), 8 survivors (8192K)
 Metaspace       used 18584K, capacity 19714K, committed 19968K, reserved 1067008K
  class space    used 1985K, capacity 2181K, committed 2304K, reserved 1048576K
}
Event: 5.040 GC heap before
{Heap before GC invocations=3 (full 0):
 garbage-first heap   total 196608K, used 41031K [0x0000000701a00000, 0x0000000701b00600, 0x00000007c0000000)
  region size 1024K, 40 young (40960K), 8 survivors (8192K)
 Metaspace       used 20084K, capacity 21182K, committed 21296K, reserved 1069056K
  class space    used 2212K, capacity 2411K, committed 2432K, reserved 1048576K
}
Event: 5.050 GC heap after
{Heap after GC invocations=4 (full 0):
 garbage-first heap   total 196608K, used 8686K [0x0000000701a00000, 0x0000000701b00600, 0x00000007c0000000)
  region size 1024K, 5 young (5120K), 5 survivors (5120K)
 Metaspace       used 20084K, capacity 21182K, committed 21296K, reserved 1069056K
  class space    used 2212K, capacity 2411K, committed 2432K, reserved 1048576K
}
Event: 7.458 GC heap before
{Heap before GC invocations=5 (full 0):
 garbage-first heap   total 196608K, used 121326K [0x0000000701a00000, 0x0000000701b00600, 0x00000007c0000000)
  region size 1024K, 115 young (117760K), 5 survivors (5120K)
 Metaspace       used 23902K, capacity 25100K, committed 25216K, reserved 1071104K
  class space    used 2695K, capacity 2904K, committed 2944K, reserved 1048576K
}
Event: 7.468 GC heap after
{Heap after GC invocations=6 (full 0):
 garbage-first heap   total 196608K, used 10698K [0x0000000701a00000, 0x0000000701b00600, 0x00000007c0000000)
  region size 1024K, 7 young (7168K), 7 survivors (7168K)
 Metaspace       used 23902K, capacity 25100K, committed 25216K, reserved 1071104K
  class space    used 2695K, capacity 2904K, committed 2944K, reserved 1048576K
}
Event: 11.932 GC heap before
{Heap before GC invocations=6 (full 0):
 garbage-first heap   total 196608K, used 127434K [0x0000000701a00000, 0x0000000701b00600, 0x00000007c0000000)
  region size 1024K, 115 young (117760K), 7 survivors (7168K)
 Metaspace       used 27324K, capacity 28992K, committed 29056K, reserved 1075200K
  class space    used 3109K, capacity 3429K, committed 3456K, reserved 1048576K
}
Event: 11.946 GC heap after
{Heap after GC invocations=7 (full 0):
 garbage-first heap   total 196608K, used 12369K [0x0000000701a00000, 0x0000000701b00600, 0x00000007c0000000)
  region size 1024K, 9 young (9216K), 9 survivors (9216K)
 Metaspace       used 27324K, capacity 28992K, committed 29056K, reserved 1075200K
  class space    used 3109K, capacity 3429K, committed 3456K, reserved 1048576K
}

