<?xml version="1.0" encoding="UTF-8"?>
<testsuite xmlns:xsi="http://www.w3.org/2001/XMLSchema-instance" xsi:noNamespaceSchemaLocation="https://maven.apache.org/surefire/maven-surefire-plugin/xsd/surefire-test-report.xsd" name="com.karuslabs.smoke.LogTest" time="0.025" tests="10" errors="0" skipped="0" failures="0">
  <properties>
[...]
</properties>
  <testcase name="log_value{BiConsumer, Kind}[1]" classname="com.karuslabs.smoke.LogTest" time="0.001"/>
  <testcase name="log_value{BiConsumer, Kind}[2]" classname="com.karuslabs.smoke.LogTest" time="0.002"/>
  <testcase name="log_value{BiConsumer, Kind}[3]" classname="com.karuslabs.smoke.LogTest" time="0.001"/>
  <testcase name="log_value_reason{PartialPrinter, Kind}[1]" classname="com.karuslabs.smoke.LogTest" time="0.001"/>
  <testcase name="log_value_reason{PartialPrinter, Kind}[2]" classname="com.karuslabs.smoke.LogTest" time="0.001"/>
  <testcase name="log_value_reason{PartialPrinter, Kind}[3]" classname="com.karuslabs.smoke.LogTest" time="0.001"/>
  <testcase name="clear" classname="com.karuslabs.smoke.LogTest" time="0.001"/>
  <testcase name="log_value_reason_resolution{Printer, Kind}[1]" classname="com.karuslabs.smoke.LogTest" time="0.002"/>
  <testcase name="log_value_reason_resolution{Printer, Kind}[2]" classname="com.karuslabs.smoke.LogTest" time="0.001"/>
  <testcase name="log_value_reason_resolution{Printer, Kind}[3]" classname="com.karuslabs.smoke.LogTest" time="0.001"/>
</testsuite>